Arguments: 
  /Users/jarmenta/.nvm/versions/node/v18.10.0/bin/node /usr/local/Cellar/yarn/1.22.19/libexec/bin/yarn.js install

PATH: 
  /Users/jarmenta/.deno/bin:/usr/local/opt/maven@3.2/bin:/Users/jarmenta/.nvm/versions/node/v18.10.0/bin:/usr/local/bin:/Library/Frameworks/Python.framework/Versions/3.10/bin:/usr/local/bin:/usr/bin:/bin:/usr/sbin:/sbin:/Users/jarmenta/.cargo/bin

Yarn version: 
  1.22.19

Node version: 
  18.10.0

Platform: 
  darwin x64

Trace: 
  Error: https://registry.npmjs.intuit.com/@fontsource%2ffira-mono: Request "https://registry.npmjs.intuit.com/@fontsource%2ffira-mono" returned a 403
      at params.callback [as _callback] (/usr/local/Cellar/yarn/1.22.19/libexec/lib/cli.js:66154:18)
      at self.callback (/usr/local/Cellar/yarn/1.22.19/libexec/lib/cli.js:140890:22)
      at Request.emit (node:events:513:28)
      at Request.<anonymous> (/usr/local/Cellar/yarn/1.22.19/libexec/lib/cli.js:141862:10)
      at Request.emit (node:events:513:28)
      at IncomingMessage.<anonymous> (/usr/local/Cellar/yarn/1.22.19/libexec/lib/cli.js:141784:12)
      at Object.onceWrapper (node:events:627:28)
      at IncomingMessage.emit (node:events:525:35)
      at endReadableNT (node:internal/streams/readable:1359:12)
      at process.processTicksAndRejections (node:internal/process/task_queues:82:21)

npm manifest: 
  {
  	"name": "fiesta",
  	"version": "0.0.1",
  	"scripts": {
  		"dev": "vite dev",
  		"build": "vite build",
  		"preview": "vite preview",
  		"check": "svelte-kit sync && svelte-check --tsconfig ./tsconfig.json",
  		"check:watch": "svelte-kit sync && svelte-check --tsconfig ./tsconfig.json --watch",
  		"lint": "prettier --plugin-search-dir . --check . && eslint .",
  		"format": "prettier --plugin-search-dir . --write ."
  	},
  	"devDependencies": {
  		"@fontsource/fira-mono": "^4.5.10",
  		"@neoconfetti/svelte": "^1.0.0",
  		"@sveltejs/adapter-auto": "^1.0.0",
  		"@sveltejs/kit": "^1.0.0",
  		"@types/cookie": "^0.5.1",
  		"@typescript-eslint/eslint-plugin": "^5.45.0",
  		"@typescript-eslint/parser": "^5.45.0",
  		"eslint": "^8.28.0",
  		"eslint-config-prettier": "^8.5.0",
  		"eslint-plugin-svelte3": "^4.0.0",
  		"prettier": "^2.8.0",
  		"prettier-plugin-svelte": "^2.8.1",
  		"svelte": "^3.54.0",
  		"svelte-check": "^2.9.2",
  		"tslib": "^2.4.1",
  		"typescript": "^4.9.3",
  		"vite": "^4.0.0"
  	},
  	"type": "module"
  }

yarn manifest: 
  No manifest

Lockfile: 
  No lockfile
